<?xml version="1.0" encoding="UTF-8"?>
<!-- Generated by org.testng.reporters.JUnitXMLReporter -->
<testsuite ignored="4" hostname="master-Inspiron-15-3567" failures="0" tests="1" name="Regression Test" time="0.101" errors="0" timestamp="2022-09-02T20:04:32 EDT">
  <testcase classname="test.TestClass1" name="validURL" time="0.064"/>
  <testcase classname="test.BaseTest" name="@AfterSuite afterTest" time="0.0">
    <ignored/>
  </testcase> <!-- @AfterSuite afterTest -->
  <testcase classname="test.BaseTest" name="@AfterSuite afterTest" time="0.0">
    <ignored/>
  </testcase> <!-- @AfterSuite afterTest -->
  <testcase classname="test.BaseTest" name="@BeforeSuite beforeTest" time="0.0">
    <ignored/>
  </testcase> <!-- @BeforeSuite beforeTest -->
  <testcase classname="test.BaseTest" name="@BeforeSuite beforeTest" time="0.0">
    <ignored/>
  </testcase> <!-- @BeforeSuite beforeTest -->
</testsuite> <!-- Regression Test -->
