<?xml version="1.0" encoding="UTF-8"?>
<testng-results ignored="4" total="5" passed="1" failed="0" skipped="0">
  <reporter-output>
  </reporter-output>
  <suite started-at="2022-09-02T20:04:32 EDT" name="Regression Suite" finished-at="2022-09-02T20:04:32 EDT" duration-ms="101">
    <groups>
    </groups>
    <test started-at="2022-09-02T20:04:32 EDT" name="Regression Test" finished-at="2022-09-02T20:04:32 EDT" duration-ms="101">
      <class name="test.TestClass1">
        <test-method signature="validURL(java.lang.String)[pri:0, instance:test.TestClass1@96def03]" started-at="2022-09-02T20:04:32 EDT" name="validURL" finished-at="2022-09-02T20:04:32 EDT" duration-ms="64" status="PASS">
          <params>
            <param index="0">
              <value>
                <![CDATA[Online Shopping site in India: Shop Online for Mobiles, Books, Watches, Shoes and More -Amazon.in]]>
              </value>
            </param>
          </params>
          <reporter-output>
          </reporter-output>
        </test-method> <!-- validURL -->
      </class> <!-- test.TestClass1 -->
      <class name="test.BaseTest">
        <test-method is-config="true" signature="beforeTest(java.lang.String,java.lang.String)[pri:0, instance:test.BaseTest@51e5fc98]" started-at="2022-09-02T20:04:09 EDT" name="beforeTest" finished-at="2022-09-02T20:04:32 EDT" duration-ms="22812" status="PASS">
          <params>
            <param index="0">
              <value>
                <![CDATA[chrome]]>
              </value>
            </param>
            <param index="1">
              <value>
                <![CDATA[Online Shopping site in India: Shop Online for Mobiles, Books, Watches, Shoes and More -Amazon.in]]>
              </value>
            </param>
          </params>
          <reporter-output>
          </reporter-output>
        </test-method> <!-- beforeTest -->
        <test-method is-config="true" signature="afterTest()[pri:0, instance:test.BaseTest@51e5fc98]" started-at="2022-09-02T20:04:32 EDT" name="afterTest" finished-at="2022-09-02T20:04:34 EDT" duration-ms="1712" status="PASS">
          <reporter-output>
          </reporter-output>
        </test-method> <!-- afterTest -->
      </class> <!-- test.BaseTest -->
    </test> <!-- Regression Test -->
  </suite> <!-- Regression Suite -->
</testng-results>
